<?xml version="1.0" encoding="UTF-8"?>
<!-- Generated by org.testng.reporters.JUnitXMLReporter -->
<testsuite hostname="LAPTOP-7579KA1M" ignored="0" name="FreeCRMTestCases" tests="3" failures="0" timestamp="21 Feb 2019 04:30:17 GMT" time="0.085" errors="0">
  <testcase name="A_CC2_print" time="0.014" classname="com.CRM.QA.Test.ConceptCheck"/>
  <testcase name="A2_print" time="0.01" classname="com.CRM.QA.Test.ConceptCheck2"/>
  <testcase name="B_CC1_print" time="0.002" classname="com.CRM.QA.Test.ConceptCheck"/>
</testsuite> <!-- FreeCRMTestCases -->
