<?xml version="1.0" encoding="UTF-8"?>
<testng-results skipped="0" failed="0" ignored="0" total="1" passed="1">
  <reporter-output>
  </reporter-output>
  <suite name="Default suite" duration-ms="79957" started-at="2019-03-12T05:15:42Z" finished-at="2019-03-12T05:17:01Z">
    <groups>
    </groups>
    <test name="Default test" duration-ms="79957" started-at="2019-03-12T05:15:42Z" finished-at="2019-03-12T05:17:01Z">
      <class name="testClasses.OnLineShoping">
        <test-method status="PASS" signature="setUp()[pri:0, instance:testClasses.OnLineShoping@13deb50e]" name="setUp" is-config="true" duration-ms="51198" started-at="2019-03-12T10:45:42Z" finished-at="2019-03-12T10:46:33Z">
          <reporter-output>
          </reporter-output>
        </test-method> <!-- setUp -->
        <test-method status="PASS" signature="addItemInCart()[pri:0, instance:testClasses.OnLineShoping@13deb50e]" name="addItemInCart" duration-ms="28715" started-at="2019-03-12T10:46:33Z" finished-at="2019-03-12T10:47:01Z">
          <reporter-output>
          </reporter-output>
        </test-method> <!-- addItemInCart -->
        <test-method status="PASS" signature="tearDown()[pri:0, instance:testClasses.OnLineShoping@13deb50e]" name="tearDown" is-config="true" duration-ms="0" started-at="2019-03-12T10:47:01Z" finished-at="2019-03-12T10:47:01Z">
          <reporter-output>
          </reporter-output>
        </test-method> <!-- tearDown -->
      </class> <!-- testClasses.OnLineShoping -->
    </test> <!-- Default test -->
  </suite> <!-- Default suite -->
</testng-results>
